<?xml version="1.0" encoding="UTF-8"?>
<testng-results skipped="0" failed="0" ignored="0" total="2" passed="2">
  <reporter-output>
  </reporter-output>
  <suite name="Suite" duration-ms="40221" started-at="2019-06-05T10:49:57Z" finished-at="2019-06-05T10:50:37Z">
    <groups>
    </groups>
    <test name="Test" duration-ms="40221" started-at="2019-06-05T10:49:57Z" finished-at="2019-06-05T10:50:37Z">
      <class name="com.techm.testcases.TC001_HomePageValidation">
        <test-method status="PASS" signature="TC001()[pri:0, instance:com.techm.testcases.TC001_HomePageValidation@c285f4]" name="TC001" duration-ms="26861" started-at="2019-06-05T16:19:57Z" finished-at="2019-06-05T16:20:24Z">
          <reporter-output>
          </reporter-output>
        </test-method> <!-- TC001 -->
        <test-method status="PASS" signature="end()[pri:0, instance:com.techm.testcases.TC001_HomePageValidation@c285f4]" name="end" is-config="true" duration-ms="870" started-at="2019-06-05T16:20:24Z" finished-at="2019-06-05T16:20:25Z">
          <reporter-output>
          </reporter-output>
        </test-method> <!-- end -->
      </class> <!-- com.techm.testcases.TC001_HomePageValidation -->
      <class name="com.techm.testcases.TC001_Register">
        <test-method status="PASS" signature="TC001()[pri:0, instance:com.techm.testcases.TC001_Register@1f3ddb1]" name="TC001" duration-ms="11846" started-at="2019-06-05T16:20:25Z" finished-at="2019-06-05T16:20:37Z">
          <reporter-output>
          </reporter-output>
        </test-method> <!-- TC001 -->
        <test-method status="PASS" signature="end()[pri:0, instance:com.techm.testcases.TC001_Register@1f3ddb1]" name="end" is-config="true" duration-ms="616" started-at="2019-06-05T16:20:37Z" finished-at="2019-06-05T16:20:37Z">
          <reporter-output>
          </reporter-output>
        </test-method> <!-- end -->
      </class> <!-- com.techm.testcases.TC001_Register -->
    </test> <!-- Test -->
  </suite> <!-- Suite -->
</testng-results>
